Unity Editor version:    2021.3.27f1 (ca3ffb99bcc6)
Branch:                  2021.3/release
Build type:              Release
Batch mode:              YES
macOS version:           Version 13.0.1 (Build 22A400)
Darwin version:          22.1.0
Architecture:            x86_64
Running under Rosetta:   NO
Available memory:        8192 MB
Using pre-set license
Pro License: YES

COMMAND LINE ARGUMENTS:
/Applications/Unity/Hub/Editor/2021.3.27f1/Unity.app/Contents/MacOS/Unity
-adb2
-batchMode
-noUpm
-name
AssetImportWorker0
-projectPath
/Users/jiseong/Documents/GitHub/Ditto/Ditto
-logFile
Logs/AssetImportWorker0.log
-srvPort
52926
Successfully changed project path to: /Users/jiseong/Documents/GitHub/Ditto/Ditto
/Users/jiseong/Documents/GitHub/Ditto/Ditto
[UnityMemory] Configuration Parameters - Can be set up in boot.config
    "memorysetup-bucket-allocator-granularity=16"
    "memorysetup-bucket-allocator-bucket-count=8"
    "memorysetup-bucket-allocator-block-size=33554432"
    "memorysetup-bucket-allocator-block-count=8"
    "memorysetup-main-allocator-block-size=16777216"
    "memorysetup-thread-allocator-block-size=16777216"
    "memorysetup-gfx-main-allocator-block-size=16777216"
    "memorysetup-gfx-thread-allocator-block-size=16777216"
    "memorysetup-cache-allocator-block-size=4194304"
    "memorysetup-typetree-allocator-block-size=2097152"
    "memorysetup-profiler-bucket-allocator-granularity=16"
    "memorysetup-profiler-bucket-allocator-bucket-count=8"
    "memorysetup-profiler-bucket-allocator-block-size=33554432"
    "memorysetup-profiler-bucket-allocator-block-count=8"
    "memorysetup-profiler-allocator-block-size=16777216"
    "memorysetup-profiler-editor-allocator-block-size=1048576"
    "memorysetup-temp-allocator-size-main=16777216"
    "memorysetup-job-temp-allocator-block-size=2097152"
    "memorysetup-job-temp-allocator-block-size-background=1048576"
    "memorysetup-job-temp-allocator-reduction-small-platforms=262144"
    "memorysetup-temp-allocator-size-background-worker=32768"
    "memorysetup-temp-allocator-size-job-worker=262144"
    "memorysetup-temp-allocator-size-preload-manager=33554432"
    "memorysetup-temp-allocator-size-nav-mesh-worker=65536"
    "memorysetup-temp-allocator-size-audio-worker=65536"
    "memorysetup-temp-allocator-size-cloud-worker=32768"
    "memorysetup-temp-allocator-size-gi-baking-worker=262144"
    "memorysetup-temp-allocator-size-gfx=262144"
Player connection [140704578405568] Host "[IP] 172.18.153.191 [Port] 0 [Flags] 2 [Guid] 397183077 [EditorId] 397183077 [Version] 1048832 [Id] OSXEditor(0,MetaHandongui-iMac.local) [Debug] 1 [PackageName] OSXEditor [ProjectName] Editor" joined multi-casting on [225.0.0.222:54997]...

Player connection [140704578405568] Host "[IP] 172.18.153.191 [Port] 0 [Flags] 2 [Guid] 397183077 [EditorId] 397183077 [Version] 1048832 [Id] OSXEditor(0,MetaHandongui-iMac.local) [Debug] 1 [PackageName] OSXEditor [ProjectName] Editor" joined alternative multi-casting on [225.0.0.222:34997]...

Refreshing native plugins compatible for Editor in 139.75 ms, found 2 plugins.
Preloading 0 native plugins for Editor in 0.00 ms.
Initialize engine version: 2021.3.27f1 (ca3ffb99bcc6)
[Subsystems] Discovering subsystems at path /Applications/Unity/Hub/Editor/2021.3.27f1/Unity.app/Contents/Resources/UnitySubsystems
[Subsystems] Discovering subsystems at path /Users/jiseong/Documents/GitHub/Ditto/Ditto/Assets
GfxDevice: creating device client; threaded=0; jobified=0
iMac preferred device: AMD Radeon Pro 570 (high power)
Metal devices available: 1
0: AMD Radeon Pro 570 (high power)
Using device AMD Radeon Pro 570 (high power)
Initializing Metal device caps: AMD Radeon Pro 570
Initialize mono
Mono path[0] = '/Applications/Unity/Hub/Editor/2021.3.27f1/Unity.app/Contents/Managed'
Mono path[1] = '/Applications/Unity/Hub/Editor/2021.3.27f1/Unity.app/Contents/MonoBleedingEdge/lib/mono/unityjit-macos'
Mono config path = '/Applications/Unity/Hub/Editor/2021.3.27f1/Unity.app/Contents/MonoBleedingEdge/etc'
Using monoOptions --debugger-agent=transport=dt_socket,embedding=1,server=y,suspend=n,address=127.0.0.1:56972
Begin MonoManager ReloadAssembly
Registering precompiled unity dll's ...
Register platform support module: /Applications/Unity/Hub/Editor/2021.3.27f1/Unity.app/Contents/PlaybackEngines/MacStandaloneSupport/UnityEditor.OSXStandalone.Extensions.dll
Register platform support module: /Applications/Unity/Hub/Editor/2021.3.27f1/PlaybackEngines/AndroidPlayer/UnityEditor.Android.Extensions.dll
Registered in 0.017883 seconds.
Native extension for Android target not found
Android Extension - Scanning For ADB Devices 128 ms
Native extension for OSXStandalone target not found
Refreshing native plugins compatible for Editor in 91.59 ms, found 2 plugins.
Preloading 0 native plugins for Editor in 0.00 ms.
Mono: successfully reloaded assembly
- Completed reload, in  1.234 seconds
Domain Reload Profiling:
	ReloadAssembly (1234ms)
		BeginReloadAssembly (260ms)
			ExecutionOrderSort (0ms)
			DisableScriptedObjects (0ms)
			BackupInstance (0ms)
			ReleaseScriptingObjects (0ms)
			CreateAndSetChildDomain (1ms)
		EndReloadAssembly (817ms)
			LoadAssemblies (274ms)
			RebuildTransferFunctionScriptingTraits (0ms)
			SetupTypeCache (166ms)
			ReleaseScriptCaches (0ms)
			RebuildScriptCaches (40ms)
			SetupLoadedEditorAssemblies (537ms)
				LogAssemblyErrors (0ms)
				InitializePlatformSupportModulesInManaged (272ms)
				SetLoadedEditorAssemblies (0ms)
				RefreshPlugins (92ms)
				BeforeProcessingInitializeOnLoad (2ms)
				ProcessInitializeOnLoadAttributes (116ms)
				ProcessInitializeOnLoadMethodAttributes (56ms)
				AfterProcessingInitializeOnLoad (0ms)
				EditorAssembliesLoaded (0ms)
			ExecutionOrderSort2 (0ms)
			AwakeInstancesAfterBackupRestoration (0ms)
Platform modules already initialized, skipping
Registering precompiled user dll's ...
Registered in 0.043524 seconds.
Begin MonoManager ReloadAssembly
Symbol file LoadedFromMemory doesn't match image /Users/jiseong/Documents/GitHub/Ditto/Ditto/Library/PackageCache/com.unity.visualscripting@1.8.0/Editor/VisualScripting.Core/Dependencies/YamlDotNet/Unity.VisualScripting.YamlDotNet.dll
Symbol file LoadedFromMemory doesn't match image /Users/jiseong/Documents/GitHub/Ditto/Ditto/Library/PackageCache/com.unity.visualscripting@1.8.0/Editor/VisualScripting.Core/Dependencies/DotNetZip/Unity.VisualScripting.IonicZip.dll
Native extension for Android target not found
Native extension for OSXStandalone target not found
Refreshing native plugins compatible for Editor in 0.63 ms, found 2 plugins.
Preloading 0 native plugins for Editor in 0.00 ms.
Mono: successfully reloaded assembly
- Completed reload, in  1.772 seconds
Domain Reload Profiling:
	ReloadAssembly (1773ms)
		BeginReloadAssembly (263ms)
			ExecutionOrderSort (0ms)
			DisableScriptedObjects (7ms)
			BackupInstance (0ms)
			ReleaseScriptingObjects (0ms)
			CreateAndSetChildDomain (39ms)
		EndReloadAssembly (1374ms)
			LoadAssemblies (553ms)
			RebuildTransferFunctionScriptingTraits (0ms)
			SetupTypeCache (369ms)
			ReleaseScriptCaches (1ms)
			RebuildScriptCaches (73ms)
			SetupLoadedEditorAssemblies (428ms)
				LogAssemblyErrors (0ms)
				InitializePlatformSupportModulesInManaged (24ms)
				SetLoadedEditorAssemblies (1ms)
				RefreshPlugins (1ms)
				BeforeProcessingInitializeOnLoad (85ms)
				ProcessInitializeOnLoadAttributes (286ms)
				ProcessInitializeOnLoadMethodAttributes (29ms)
				AfterProcessingInitializeOnLoad (2ms)
				EditorAssembliesLoaded (0ms)
			ExecutionOrderSort2 (0ms)
			AwakeInstancesAfterBackupRestoration (5ms)
Platform modules already initialized, skipping
========================================================================
Worker process is ready to serve import requests
Launching external process: /Applications/Unity/Hub/Editor/2021.3.27f1/Unity.app/Contents/Tools/UnityShaderCompiler
Launched and connected shader compiler UnityShaderCompiler after 0.10 seconds
Refreshing native plugins compatible for Editor in 0.59 ms, found 2 plugins.
Preloading 0 native plugins for Editor in 0.00 ms.
Unloading 3527 Unused Serialized files (Serialized files now loaded: 0)
Unloading 27 unused Assets / (181.5 KB). Loaded Objects now: 3992.
Memory consumption went from 130.1 MB to 129.9 MB.
Total: 3.692639 ms (FindLiveObjects: 0.279711 ms CreateObjectMapping: 0.192932 ms MarkObjects: 3.022029 ms  DeleteObjects: 0.196968 ms)

AssetImportParameters requested are different than current active one (requested -> active):
  custom:video-decoder-ogg-theora: a1e56fd34408186e4bbccfd4996cb3dc -> 
  custom:container-muxer-webm: aa71ff27fc2769a1b78a27578f13a17b -> 
  custom:container-demuxer-webm: 4f35f7cbe854078d1ac9338744f61a02 -> 
  custom:video-encoder-webm-vp8: eb34c28f22e8b96e1ab97ce403110664 -> 
  custom:framework-osx-AVFoundation: e770b220cccbd017edd2c1fefb359320 -> 
  custom:audio-encoder-webm-vorbis: bf7c407c2cedff20999df2af8eb42d56 -> 
  custom:container-demuxer-ogg: 62fdf1f143b41e24485cea50d1cbac27 -> 
  custom:video-decoder-webm-vp8: 9c59270c3fd7afecdb556c50c9e8de78 -> 
  custom:audio-decoder-ogg-vorbis: bf7c407c2cedff20999df2af8eb42d56 -> 
========================================================================
Received Import Request.
  Time since last request: 448178.413114 seconds.
  path: Assets/Character/Materials/Paladin_diffuse.mat
  artifactKey: Guid(f37778e1e8f99774cb504eddc555c916) Importer(815301076,1909f56bfc062723c751e8b465ee728b)
Start importing Assets/Character/Materials/Paladin_diffuse.mat using Guid(f37778e1e8f99774cb504eddc555c916) Importer(815301076,1909f56bfc062723c751e8b465ee728b)  -> (artifact id: '2cc2b2405701215071cb72a688ab83e1') in 0.798301 seconds 
========================================================================
Received Import Request.
  Time since last request: 0.000151 seconds.
  path: Assets/Character/Knight D Pelegrini.fbm
  artifactKey: Guid(588b97c96ff6b4b4599d5111e24dddcf) Importer(815301076,1909f56bfc062723c751e8b465ee728b)
Start importing Assets/Character/Knight D Pelegrini.fbm using Guid(588b97c96ff6b4b4599d5111e24dddcf) Importer(815301076,1909f56bfc062723c751e8b465ee728b)  -> (artifact id: '05e25640b72d1444bf1c6f33cd07ec53') in 0.001870 seconds 
========================================================================
Received Import Request.
  Time since last request: 0.000079 seconds.
  path: Assets/Character/Knight D Pelegrini.fbm/Knight_diffuse.png
  artifactKey: Guid(89b197a03464af4498cb9bef17c41f6f) Importer(815301076,1909f56bfc062723c751e8b465ee728b)
Start importing Assets/Character/Knight D Pelegrini.fbm/Knight_diffuse.png using Guid(89b197a03464af4498cb9bef17c41f6f) Importer(815301076,1909f56bfc062723c751e8b465ee728b)  -> (artifact id: '00000000000000000000000000000000') in 0.880283 seconds  code(4) message(Build asset version error: assets/character/knight d pelegrini.fbm/knight_diffuse.png in SourceAssetDB has modification time of '2023-08-07T09:56:18Z' while content on disk has modification time of '2023-08-07T10:01:13Z')
  ERROR: Build asset version error: assets/character/knight d pelegrini.fbm/knight_diffuse.png in SourceAssetDB has modification time of '2023-08-07T09:56:18Z' while content on disk has modification time of '2023-08-07T10:01:13Z'
========================================================================
Received Import Request.
  Time since last request: 0.000123 seconds.
  path: Assets/Character/Knight D Pelegrini.fbm/Knight_normal.png
  artifactKey: Guid(0a4e83474018f4c438596067baea6f20) Importer(815301076,1909f56bfc062723c751e8b465ee728b)
Start importing Assets/Character/Knight D Pelegrini.fbm/Knight_normal.png using Guid(0a4e83474018f4c438596067baea6f20) Importer(815301076,1909f56bfc062723c751e8b465ee728b)  -> (artifact id: '00000000000000000000000000000000') in 0.089988 seconds  code(4) message(Build asset version error: assets/character/knight d pelegrini.fbm/knight_normal.png in SourceAssetDB has modification time of '2023-08-07T09:56:18Z' while content on disk has modification time of '2023-08-07T10:01:13Z')
  ERROR: Build asset version error: assets/character/knight d pelegrini.fbm/knight_normal.png in SourceAssetDB has modification time of '2023-08-07T09:56:18Z' while content on disk has modification time of '2023-08-07T10:01:13Z'
========================================================================
Received Import Request.
  Time since last request: 0.000104 seconds.
  path: Assets/Character/Knight D Pelegrini.fbm/Knight_specular.png
  artifactKey: Guid(ad506017f06728846ad136824b384d81) Importer(815301076,1909f56bfc062723c751e8b465ee728b)
Start importing Assets/Character/Knight D Pelegrini.fbm/Knight_specular.png using Guid(ad506017f06728846ad136824b384d81) Importer(815301076,1909f56bfc062723c751e8b465ee728b)  -> (artifact id: '00000000000000000000000000000000') in 0.041862 seconds  code(4) message(Build asset version error: assets/character/knight d pelegrini.fbm/knight_specular.png in SourceAssetDB has modification time of '2023-08-07T09:56:18Z' while content on disk has modification time of '2023-08-07T10:01:13Z')
  ERROR: Build asset version error: assets/character/knight d pelegrini.fbm/knight_specular.png in SourceAssetDB has modification time of '2023-08-07T09:56:18Z' while content on disk has modification time of '2023-08-07T10:01:13Z'
========================================================================
Received Import Request.
  Time since last request: 0.000121 seconds.
  path: Assets/Character/Materials/Knight_diffuse.mat
  artifactKey: Guid(407eb1fc864ab494eabad26ed90e977b) Importer(815301076,1909f56bfc062723c751e8b465ee728b)
Start importing Assets/Character/Materials/Knight_diffuse.mat using Guid(407eb1fc864ab494eabad26ed90e977b) Importer(815301076,1909f56bfc062723c751e8b465ee728b)  -> (artifact id: '4bbbaabf61bfe40ab3986a64a030670e') in 0.010453 seconds 
========================================================================
Received Import Request.
  Time since last request: 0.000110 seconds.
  path: Assets/Character/Knight D Pelegrini.fbx
  artifactKey: Guid(b9c8018045dea554d9b39ad4ecdc8d11) Importer(815301076,1909f56bfc062723c751e8b465ee728b)
Start importing Assets/Character/Knight D Pelegrini.fbx using Guid(b9c8018045dea554d9b39ad4ecdc8d11) Importer(815301076,1909f56bfc062723c751e8b465ee728b)  -> (artifact id: 'f450bfb427d14f16a2ea09a6e5bbefd8') in 0.501398 seconds 
========================================================================
Received Import Request.
  Time since last request: 0.000200 seconds.
  path: Assets/Character/Materials
  artifactKey: Guid(9e11f80cdf3f96c4a82adab68cad7c04) Importer(815301076,1909f56bfc062723c751e8b465ee728b)
Start importing Assets/Character/Materials using Guid(9e11f80cdf3f96c4a82adab68cad7c04) Importer(815301076,1909f56bfc062723c751e8b465ee728b)  -> (artifact id: 'ccc3900a4518bb9ba0b0499584907e1d') in 0.001976 seconds 
========================================================================
Received Import Request.
  Time since last request: 1130.983376 seconds.
  path: Assets/MaterialsUsed/mesh-2.glb
  artifactKey: Guid(1d9d040efae6543308e5f4a50799092f) Importer(815301076,1909f56bfc062723c751e8b465ee728b)
Start importing Assets/MaterialsUsed/mesh-2.glb using Guid(1d9d040efae6543308e5f4a50799092f) Importer(815301076,1909f56bfc062723c751e8b465ee728b)  -> (artifact id: 'b2d2757466927def5edf2942dfa05125') in 0.148050 seconds 
========================================================================
Received Import Request.
  Time since last request: 4.568651 seconds.
  path: Assets/MaterialsUsed/mesh.glb
  artifactKey: Guid(00b14958f71544d7fa358ab4fe889425) Importer(815301076,1909f56bfc062723c751e8b465ee728b)
Start importing Assets/MaterialsUsed/mesh.glb using Guid(00b14958f71544d7fa358ab4fe889425) Importer(815301076,1909f56bfc062723c751e8b465ee728b)  -> (artifact id: 'e4bdba4863f0913cfb0c8e4ee28416dd') in 0.007050 seconds 
